$ next build
info  - Linting and checking validity of types...
info  - Creating an optimized production build...
info  - Compiled successfully
info  - Collecting page data...
info  - Generating static pages (0/7)
info  - Generating static pages (1/7)
info  - Generating static pages (3/7)
info  - Generating static pages (5/7)
info  - Generating static pages (7/7)
info  - Finalizing page optimization...

Route (pages)                              Size     First Load JS
┌ ○ /                                      10.3 kB         101 kB
├   └ css/7fc606b2d2e9bc80.css             1.66 kB
├   /_app                                  0 B            73.7 kB
├ ○ /404                                   181 B          73.9 kB
├ ○ /consulting                            6.46 kB        91.5 kB
├   └ css/4ce4e40d36db5f2a.css             1.34 kB
├ ○ /portal                                1.25 kB        78.5 kB
├   └ css/3a8dc0b9af8a0530.css             360 B
├ ○ /programs                              6.74 kB        91.8 kB
├   └ css/0423976ceda07933.css             1.86 kB
└ ○ /programs/success                      3.36 kB        94.2 kB
    └ css/d2721585effbab3a.css             1.14 kB
+ First Load JS shared by all              101 kB
  ├ chunks/framework-19f3649580393c10.js   45.2 kB
  ├ chunks/main-223c26d3eaa64346.js        26.8 kB
  ├ chunks/pages/_app-9e0859478d119442.js  858 B
  ├ chunks/webpack-ee7e63bc15b31913.js     815 B
  └ css/ecd948767e096f78.css               27.2 kB

○  (Static)  automatically rendered as static HTML (uses no initial props)

